<?xml version="1.0" encoding="UTF-8"?>
<!-- Generated by org.testng.reporters.JUnitReportReporter -->
<testsuite hostname="DELL" failures="0" tests="1" name="com.qa.testScripts.Tc_Mercury_001" time="1.674" errors="0" timestamp="2022-11-01T16:20:36 IST" skipped="0">
  <testcase classname="com.qa.testScripts.Tc_Mercury_001" name="login" time="1.674"/>
  <system-out/>
</testsuite> <!-- com.qa.testScripts.Tc_Mercury_001 -->
